e:\emfaex\emsolver\x64\debug\emsolver.pdb
e:\emfaex\emsolver\x64\debug\emsolver.idb
e:\emfaex\emsolver\x64\debug\fspgf_efie.obj
e:\emfaex\emsolver\x64\debug\fmm.obj
e:\emfaex\emsolver\x64\debug\fastwt.obj
e:\emfaex\emsolver\x64\debug\epa_efie.obj
e:\emfaex\emsolver\x64\debug\em.obj
e:\emfaex\emsolver\x64\debug\eicbfm_pmchw.obj
e:\emfaex\emsolver\x64\debug\eicbfm.obj
e:\emfaex\emsolver\x64\debug\efie_pmchw.obj
e:\emfaex\emsolver\x64\debug\efie_hs.obj
e:\emfaex\emsolver\x64\debug\efie.obj
e:\emfaex\emsolver\x64\debug\dgvsie.obj
e:\emfaex\emsolver\x64\debug\dgvie.obj
e:\emfaex\emsolver\x64\debug\cfie.obj
e:\emfaex\emsolver\x64\debug\cbfm_pmchw.obj
e:\emfaex\emsolver\x64\debug\cbfm_efie_pmchw.obj
e:\emfaex\emsolver\x64\debug\cbfm.obj
e:\emfaex\emsolver\x64\debug\aim.obj
e:\emfaex\emsolver\x64\debug\aca_eicbfm.obj
e:\emfaex\emsolver\x64\debug\aca_ddm.obj
e:\emfaex\emsolver\x64\debug\aca_cfie.obj
e:\emfaex\emsolver\x64\debug\po.obj
e:\emfaex\emsolver\x64\debug\pmchw.obj
e:\emfaex\emsolver\x64\debug\pgf_vsie.obj
e:\emfaex\emsolver\x64\debug\pgf_vie.obj
e:\emfaex\emsolver\x64\debug\nsed_metal.obj
e:\emfaex\emsolver\x64\debug\new_ased_pec.obj
e:\emfaex\emsolver\x64\debug\new_ased_id.obj
e:\emfaex\emsolver\x64\debug\new_ased_gra.obj
e:\emfaex\emsolver\x64\debug\new_ased_edm.obj
e:\emfaex\emsolver\x64\debug\newsed.obj
e:\emfaex\emsolver\x64\debug\nddm_pmchw.obj
e:\emfaex\emsolver\x64\debug\mlfma.obj
e:\emfaex\emsolver\x64\debug\miscellaneous.obj
e:\emfaex\emsolver\x64\debug\mfie.obj
e:\emfaex\emsolver\x64\debug\mbf_one.obj
e:\emfaex\emsolver\x64\debug\ip_ie_ddm.obj
e:\emfaex\emsolver\x64\debug\ie_nddm_cfie.obj
e:\emfaex\emsolver\x64\debug\iedg_mlfma.obj
e:\emfaex\emsolver\x64\debug\iedg.obj
e:\emfaex\emsolver\x64\debug\fspgf_efie_hs.obj
e:\emfaex\emsolver\x64\debug\vsie.obj
e:\emfaex\emsolver\x64\debug\vie.obj
e:\emfaex\emsolver\x64\debug\test.obj
e:\emfaex\emsolver\x64\debug\solver.obj
e:\emfaex\emsolver\x64\debug\sed_qp_main.obj
e:\emfaex\emsolver\x64\debug\sed_qp.obj
e:\emfaex\emsolver\x64\debug\sed_cm.obj
e:\emfaex\emsolver\x64\debug\emsolver.tlog\cl.command.1.tlog
e:\emfaex\emsolver\x64\debug\emsolver.tlog\cl.read.1.tlog
e:\emfaex\emsolver\x64\debug\emsolver.tlog\cl.write.1.tlog
