e:\emfa\emsolver\x64\release\emsolver.pdb
e:\emfa\emsolver\x64\release\fspgf_efie_hs.obj
e:\emfa\emsolver\x64\release\fspgf_efie.obj
e:\emfa\emsolver\x64\release\fmm.obj
e:\emfa\emsolver\x64\release\fastwt.obj
e:\emfa\emsolver\x64\release\em.obj
e:\emfa\emsolver\x64\release\eicbfm_pmchw.obj
e:\emfa\emsolver\x64\release\eicbfm.obj
e:\emfa\emsolver\x64\release\efie_pmchw.obj
e:\emfa\emsolver\x64\release\efie_hs.obj
e:\emfa\emsolver\x64\release\efie.obj
e:\emfa\emsolver\x64\release\dgvsie.obj
e:\emfa\emsolver\x64\release\dgvie.obj
e:\emfa\emsolver\x64\release\cfie.obj
e:\emfa\emsolver\x64\release\cbfm_pmchw.obj
e:\emfa\emsolver\x64\release\cbfm_efie_pmchw.obj
e:\emfa\emsolver\x64\release\cbfm.obj
e:\emfa\emsolver\x64\release\aim.obj
e:\emfa\emsolver\x64\release\aca_eicbfm.obj
e:\emfa\emsolver\x64\release\aca_ddm.obj
e:\emfa\emsolver\x64\release\aca_cfie.obj
e:\emfa\emsolver\x64\release\vsie.obj
e:\emfa\emsolver\x64\release\vie.obj
e:\emfa\emsolver\x64\release\test.obj
e:\emfa\emsolver\x64\release\solver.obj
e:\emfa\emsolver\x64\release\po.obj
e:\emfa\emsolver\x64\release\pmchw.obj
e:\emfa\emsolver\x64\release\pgf_vsie.obj
e:\emfa\emsolver\x64\release\pgf_vie.obj
e:\emfa\emsolver\x64\release\newsed.obj
e:\emfa\emsolver\x64\release\nddm_pmchw.obj
e:\emfa\emsolver\x64\release\mlfma.obj
e:\emfa\emsolver\x64\release\miscellaneous.obj
e:\emfa\emsolver\x64\release\mfie.obj
e:\emfa\emsolver\x64\release\ip_ie_ddm.obj
e:\emfa\emsolver\x64\release\ie_nddm_cfie.obj
e:\emfa\emsolver\x64\release\iedg_mlfma.obj
e:\emfa\emsolver\x64\release\iedg.obj
e:\emfa\emsolver\x64\release\new_ased_id.obj
e:\emfa\emsolver\x64\release\new_ased_pec.obj
e:\emfa\x64\release\emsolver.lib
e:\emfa\emsolver\x64\release\emsolver.tlog\cl.command.1.tlog
e:\emfa\emsolver\x64\release\emsolver.tlog\cl.read.1.tlog
e:\emfa\emsolver\x64\release\emsolver.tlog\cl.write.1.tlog
e:\emfa\emsolver\x64\release\emsolver.tlog\lib-link.read.1.tlog
e:\emfa\emsolver\x64\release\emsolver.tlog\lib-link.write.1.tlog
e:\emfa\emsolver\x64\release\emsolver.tlog\lib.command.1.tlog
