e:\emfa\emcomponent\x64\release\emcomponent.pdb
e:\emfa\emcomponent\x64\release\commontriangle.obj
e:\emfa\emcomponent\x64\release\commonedge.obj
e:\emfa\emcomponent\x64\release\cbf_block.obj
e:\emfa\emcomponent\x64\release\tools.obj
e:\emfa\emcomponent\x64\release\triangle.obj
e:\emfa\emcomponent\x64\release\threadpool.obj
e:\emfa\emcomponent\x64\release\tetrahedron.obj
e:\emfa\emcomponent\x64\release\result.obj
e:\emfa\emcomponent\x64\release\quadrature.obj
e:\emfa\emcomponent\x64\release\mesh.obj
e:\emfa\emcomponent\x64\release\mlfma_boundary.obj
e:\emfa\emcomponent\x64\release\fmm_boundary.obj
e:\emfa\emcomponent\x64\release\contouredge.obj
e:\emfa\emcomponent\x64\release\configloader.obj
e:\emfa\emcomponent\x64\release\aimrect.obj
e:\emfa\emcomponent\x64\release\aca.obj
e:\emfa\x64\release\emcomponent.lib
e:\emfa\emcomponent\x64\release\emcomponent.tlog\cl.command.1.tlog
e:\emfa\emcomponent\x64\release\emcomponent.tlog\cl.read.1.tlog
e:\emfa\emcomponent\x64\release\emcomponent.tlog\cl.write.1.tlog
e:\emfa\emcomponent\x64\release\emcomponent.tlog\lib-link.read.1.tlog
e:\emfa\emcomponent\x64\release\emcomponent.tlog\lib-link.write.1.tlog
e:\emfa\emcomponent\x64\release\emcomponent.tlog\lib.command.1.tlog
